<?xml version="1.0" encoding="UTF-8"?>
<testsuite name="BlackBox" tests="15" skipped="0" failures="0" errors="0" timestamp="2025-11-12T15:49:15" hostname="DESKTOP-U5QG706" time="0.406">
  <properties/>
  <testcase name="[1] class Order0" classname="BlackBox" time="0.289"/>
  <testcase name="[2] class Order1" classname="BlackBox" time="0.004"/>
  <testcase name="[3] class Order2" classname="BlackBox" time="0.004"/>
  <testcase name="[4] class Order3" classname="BlackBox" time="0.002"/>
  <testcase name="[5] class Order4" classname="BlackBox" time="0.007"/>
  <testcase name="[1] class Order0" classname="BlackBox" time="0.061"/>
  <testcase name="[2] class Order1" classname="BlackBox" time="0.004"/>
  <testcase name="[3] class Order2" classname="BlackBox" time="0.002"/>
  <testcase name="[4] class Order3" classname="BlackBox" time="0.002"/>
  <testcase name="[5] class Order4" classname="BlackBox" time="0.001"/>
  <testcase name="[1] class Order0" classname="BlackBox" time="0.001"/>
  <testcase name="[2] class Order1" classname="BlackBox" time="0.001"/>
  <testcase name="[3] class Order2" classname="BlackBox" time="0.001"/>
  <testcase name="[4] class Order3" classname="BlackBox" time="0.001"/>
  <testcase name="[5] class Order4" classname="BlackBox" time="0.001"/>
  <system-out><![CDATA[EGG5: where you live.
EGG8: You found a promotion test!
EGG8: You found a promotion test!
EGG8: You found a promotion test!
EGG8: You found a promotion test!
EGG8: You found a promotion test!
EGG8: You found a promotion test!
EGG4: violent psychopath who knows
]]></system-out>
  <system-err><![CDATA[]]></system-err>
</testsuite>
