<?xml version="1.0" encoding="UTF-8"?>
<testsuite name="WhiteBoxTestStarter" tests="13" skipped="0" failures="0" errors="0" timestamp="2025-11-12T14:13:33" hostname="DESKTOP-U5QG706" time="0.047">
  <properties/>
  <testcase name="testCanModifyOrder_ItemsAtLimit_ReturnsFalse()" classname="WhiteBoxTestStarter" time="0.002"/>
  <testcase name="testCalculateBillSplit_LargeGroup_HandlesMultiplePeople()" classname="WhiteBoxTestStarter" time="0.002"/>
  <testcase name="testCalculateBillSplit_InvalidNumDiners_ReturnsNull()" classname="WhiteBoxTestStarter" time="0.006"/>
  <testcase name="testCalculateBillSplit_ZeroTip_NoTipAdded()" classname="WhiteBoxTestStarter" time="0.001"/>
  <testcase name="testCanModifyOrder_TotalAtOrAboveMax_ReturnsFalse()" classname="WhiteBoxTestStarter" time="0.012"/>
  <testcase name="testCalculateBillSplit_NegativeTip_ReturnsNull()" classname="WhiteBoxTestStarter" time="0.002"/>
  <testcase name="testCanModifyOrder_StatusAtLeast2_ReturnsFalse()" classname="WhiteBoxTestStarter" time="0.0"/>
  <testcase name="testCalculateBillSplit_SingleDiner_ReturnsCorrectAmount()" classname="WhiteBoxTestStarter" time="0.001"/>
  <testcase name="testCalculateBillSplit_TwoDiners_EqualSplit()" classname="WhiteBoxTestStarter" time="0.001"/>
  <testcase name="testCalculateBillSplit_TipOver100_ReturnsNull()" classname="WhiteBoxTestStarter" time="0.001"/>
  <testcase name="testCalculateBillSplit_Tip100Percent_DoublesTotal()" classname="WhiteBoxTestStarter" time="0.001"/>
  <testcase name="testCanModifyOrder_AllConditionsFalse_ReturnsTrue()" classname="WhiteBoxTestStarter" time="0.002"/>
  <testcase name="testCalculateBillSplit_MultipleDiners_HandlesRounding()" classname="WhiteBoxTestStarter" time="0.002"/>
  <system-out><![CDATA[]]></system-out>
  <system-err><![CDATA[]]></system-err>
</testsuite>
