<?xml version="1.0" encoding="UTF-8"?>
<testsuite name="BlackBox" tests="3" skipped="0" failures="0" errors="0" timestamp="2025-11-05T16:46:09" hostname="DESKTOP-U5QG706" time="0.056">
  <properties/>
  <testcase name="[1] class Order" classname="BlackBox" time="0.036"/>
  <testcase name="[1] class Order" classname="BlackBox" time="0.009"/>
  <testcase name="[1] class Order" classname="BlackBox" time="0.001"/>
  <system-out><![CDATA[]]></system-out>
  <system-err><![CDATA[]]></system-err>
</testsuite>
